Log Date: Thu, 23 May 2013 11:41:51 +0000
START - Creating invoice for order #292
Log Date: Thu, 23 May 2013 11:41:51 +0000
Checking for client with email: meier@markusdrubba.de
Log Date: Thu, 23 May 2013 11:41:51 +0000
SENDING XML:
<?xml version="1.0" encoding="utf-8"?><FBAPI><SERVICE>customer.get</SERVICE><FILTER><TERM>meier@markusdrubba.de</TERM></FILTER></FBAPI>
Log Date: Thu, 23 May 2013 11:41:51 +0000
RESPONSE XML: <?xml version="1.0" encoding="utf-8"?>
<FBAPI><REQUEST><SERVICE>customer.get</SERVICE><FILTER><TERM>meier@markusdrubba.de</TERM></FILTER></REQUEST><RESPONSE><CUSTOMERS><CUSTOMER><CUSTOMER_ID>354986</CUSTOMER_ID><CUSTOMER_NUMBER>3</CUSTOMER_NUMBER><DAYS_FOR_PAYMENT>0</DAYS_FOR_PAYMENT><CREATED>2013-05-22 10:03:58</CREATED><PAYMENT_TYPE>1</PAYMENT_TYPE><BANK_NAME></BANK_NAME><BANK_ACCOUNT_NUMBER></BANK_ACCOUNT_NUMBER><BANK_CODE></BANK_CODE><BANK_ACCOUNT_OWNER></BANK_ACCOUNT_OWNER><SHOW_PAYMENT_NOTICE>1</SHOW_PAYMENT_NOTICE><ACCOUNT_RECEIVABLE></ACCOUNT_RECEIVABLE><CUSTOMER_TYPE>consumer</CUSTOMER_TYPE><TOP>0</TOP><NEWSLETTER_OPTIN>0</NEWSLETTER_OPTIN><ORGANIZATION></ORGANIZATION><POSITION></POSITION><SALUTATION></SALUTATION><FIRST_NAME>Peter</FIRST_NAME><LAST_NAME>Meier</LAST_NAME><ADDRESS></ADDRESS><ADDRESS_2></ADDRESS_2><ZIPCODE></ZIPCODE><CITY></CITY><COUNTRY_CODE>US</COUNTRY_CODE><PHONE></PHONE><PHONE_2></PHONE_2><FAX></FAX><MOBILE></MOBILE><EMAIL>meier@markusdrubba.de</EMAIL><VAT_ID></VAT_ID><CURRENCY_CODE>EUR</CURRENCY_CODE><LASTUPDATE>2013-05-22 10:03:58</LASTUPDATE><TAGS></TAGS></CUSTOMER></CUSTOMERS></RESPONSE></FBAPI>

Log Date: Thu, 23 May 2013 11:41:51 +0000
SENDING XML:
<?xml version="1.0" encoding="utf-8"?><FBAPI><SERVICE>invoice.create</SERVICE><DATA><CUSTOMER_ID>354986</CUSTOMER_ID><INVOICE_DATE>2013-05-23 08:46:39</INVOICE_DATE><CURRENCY_CODE>EUR</CURRENCY_CODE><ITEMS><ITEM><DESCRIPTION>ivwTrack</DESCRIPTION><UNIT_PRICE>49.00</UNIT_PRICE><QUANTITY>1</QUANTITY><VAT_PERCENT>19</VAT_PERCENT></ITEM></ITEMS></DATA></FBAPI>
Log Date: Thu, 23 May 2013 11:41:52 +0000
RESPONSE XML: <?xml version="1.0" encoding="utf-8"?>
<FBAPI><REQUEST><SERVICE>invoice.create</SERVICE><DATA><CUSTOMER_ID>354986</CUSTOMER_ID><INVOICE_DATE>2013-05-23 08:46:39</INVOICE_DATE><CURRENCY_CODE>EUR</CURRENCY_CODE><ITEMS><ITEM><DESCRIPTION>ivwTrack</DESCRIPTION><UNIT_PRICE>49.00</UNIT_PRICE><QUANTITY>1</QUANTITY><VAT_PERCENT>19</VAT_PERCENT></ITEM></ITEMS></DATA></REQUEST><RESPONSE><STATUS>success</STATUS><INVOICE_ID>444514</INVOICE_ID></RESPONSE></FBAPI>

Log Date: Thu, 23 May 2013 11:41:52 +0000
END - Creating invoice for order #292
Log Date: Thu, 23 May 2013 11:41:52 +0000
START - Complete invoice in FastBill for invoice ID: 444514
Log Date: Thu, 23 May 2013 11:41:52 +0000
SENDING XML:
<?xml version="1.0" encoding="utf-8"?><FBAPI><SERVICE>invoice.complete</SERVICE><DATA><INVOICE_ID>444514</INVOICE_ID></DATA></FBAPI>
Log Date: Thu, 23 May 2013 11:41:54 +0000
RESPONSE XML: <?xml version="1.0" encoding="utf-8"?>
<FBAPI><REQUEST><SERVICE>invoice.complete</SERVICE><DATA><INVOICE_ID>444514</INVOICE_ID></DATA></REQUEST><RESPONSE><STATUS>success</STATUS><INVOICE_NUMBER>23</INVOICE_NUMBER><INVOICE_ID>444514</INVOICE_ID></RESPONSE></FBAPI>

Log Date: Thu, 23 May 2013 11:41:54 +0000
END - Complete invoice for order #292
Log Date: Thu, 23 May 2013 11:41:54 +0000
START - Creating payment in FastBill for invoice ID: 444514
Log Date: Thu, 23 May 2013 11:41:54 +0000
SENDING XML:
<?xml version="1.0" encoding="utf-8"?><FBAPI><SERVICE>invoice.setpaid</SERVICE><DATA><INVOICE_ID>444514</INVOICE_ID></DATA></FBAPI>
Log Date: Thu, 23 May 2013 11:41:54 +0000
RESPONSE XML: <?xml version="1.0" encoding="utf-8"?>
<FBAPI><REQUEST><SERVICE>invoice.setpaid</SERVICE><DATA><INVOICE_ID>444514</INVOICE_ID></DATA></REQUEST><RESPONSE><STATUS>success</STATUS><INVOICE_NUMBER>23</INVOICE_NUMBER></RESPONSE></FBAPI>

Log Date: Thu, 23 May 2013 11:41:54 +0000
END - Creating payment for order #292
Log Date: Thu, 23 May 2013 11:45:57 +0000
START - Creating invoice for order #307
Log Date: Thu, 23 May 2013 11:45:57 +0000
Checking for client with email: kontakt@markusdrubba.de
Log Date: Thu, 23 May 2013 11:45:57 +0000
SENDING XML:
<?xml version="1.0" encoding="utf-8"?><FBAPI><SERVICE>customer.get</SERVICE><FILTER><TERM>kontakt@markusdrubba.de</TERM></FILTER></FBAPI>
Log Date: Thu, 23 May 2013 11:45:58 +0000
RESPONSE XML: <?xml version="1.0" encoding="utf-8"?>
<FBAPI><REQUEST><SERVICE>customer.get</SERVICE><FILTER><TERM>kontakt@markusdrubba.de</TERM></FILTER></REQUEST><RESPONSE><CUSTOMERS/></RESPONSE></FBAPI>

Log Date: Thu, 23 May 2013 11:45:58 +0000
Creating customer record in FastBill for email: kontakt@markusdrubba.de
Log Date: Thu, 23 May 2013 11:45:58 +0000
SENDING XML:
<?xml version="1.0" encoding="utf-8"?><FBAPI><SERVICE>customer.create</SERVICE><DATA><CUSTOMER_TYPE>consumer</CUSTOMER_TYPE><FIRST_NAME>Max</FIRST_NAME><LAST_NAME>Mustermann</LAST_NAME><EMAIL>kontakt@markusdrubba.de</EMAIL><COUNTRY_CODE>US</COUNTRY_CODE></DATA></FBAPI>
Log Date: Thu, 23 May 2013 11:45:58 +0000
RESPONSE XML: <?xml version="1.0" encoding="utf-8"?>
<FBAPI><REQUEST><SERVICE>customer.create</SERVICE><DATA><CUSTOMER_TYPE>consumer</CUSTOMER_TYPE><FIRST_NAME>Max</FIRST_NAME><LAST_NAME>Mustermann</LAST_NAME><EMAIL>kontakt@markusdrubba.de</EMAIL><COUNTRY_CODE>US</COUNTRY_CODE></DATA></REQUEST><RESPONSE><STATUS>success</STATUS><CUSTOMER_ID>356025</CUSTOMER_ID></RESPONSE></FBAPI>

Log Date: Thu, 23 May 2013 11:45:58 +0000
SENDING XML:
<?xml version="1.0" encoding="utf-8"?><FBAPI><SERVICE>invoice.create</SERVICE><DATA><CUSTOMER_ID>356025</CUSTOMER_ID><INVOICE_DATE>2013-05-23 13:45:57</INVOICE_DATE><CURRENCY_CODE>EUR</CURRENCY_CODE><ITEMS><ITEM><DESCRIPTION>ivwTrack</DESCRIPTION><UNIT_PRICE>49.00</UNIT_PRICE><QUANTITY>1</QUANTITY><VAT_PERCENT>19</VAT_PERCENT></ITEM></ITEMS></DATA></FBAPI>
Log Date: Thu, 23 May 2013 11:45:59 +0000
RESPONSE XML: <?xml version="1.0" encoding="utf-8"?>
<FBAPI><REQUEST><SERVICE>invoice.create</SERVICE><DATA><CUSTOMER_ID>356025</CUSTOMER_ID><INVOICE_DATE>2013-05-23 13:45:57</INVOICE_DATE><CURRENCY_CODE>EUR</CURRENCY_CODE><ITEMS><ITEM><DESCRIPTION>ivwTrack</DESCRIPTION><UNIT_PRICE>49.00</UNIT_PRICE><QUANTITY>1</QUANTITY><VAT_PERCENT>19</VAT_PERCENT></ITEM></ITEMS></DATA></REQUEST><RESPONSE><STATUS>success</STATUS><INVOICE_ID>444519</INVOICE_ID></RESPONSE></FBAPI>

Log Date: Thu, 23 May 2013 11:45:59 +0000
END - Creating invoice for order #307
Log Date: Thu, 23 May 2013 11:45:59 +0000
START - Complete invoice in FastBill for invoice ID: 444519
Log Date: Thu, 23 May 2013 11:45:59 +0000
SENDING XML:
<?xml version="1.0" encoding="utf-8"?><FBAPI><SERVICE>invoice.complete</SERVICE><DATA><INVOICE_ID>444519</INVOICE_ID></DATA></FBAPI>
Log Date: Thu, 23 May 2013 11:46:01 +0000
RESPONSE XML: <?xml version="1.0" encoding="utf-8"?>
<FBAPI><REQUEST><SERVICE>invoice.complete</SERVICE><DATA><INVOICE_ID>444519</INVOICE_ID></DATA></REQUEST><RESPONSE><STATUS>success</STATUS><INVOICE_NUMBER>24</INVOICE_NUMBER><INVOICE_ID>444519</INVOICE_ID></RESPONSE></FBAPI>

Log Date: Thu, 23 May 2013 11:46:01 +0000
END - Complete invoice for order #307
Log Date: Thu, 23 May 2013 11:46:01 +0000
START - Creating payment in FastBill for invoice ID: 444519
Log Date: Thu, 23 May 2013 11:46:01 +0000
SENDING XML:
<?xml version="1.0" encoding="utf-8"?><FBAPI><SERVICE>invoice.setpaid</SERVICE><DATA><INVOICE_ID>444519</INVOICE_ID></DATA></FBAPI>
Log Date: Thu, 23 May 2013 11:46:01 +0000
RESPONSE XML: <?xml version="1.0" encoding="utf-8"?>
<FBAPI><REQUEST><SERVICE>invoice.setpaid</SERVICE><DATA><INVOICE_ID>444519</INVOICE_ID></DATA></REQUEST><RESPONSE><STATUS>success</STATUS><INVOICE_NUMBER>24</INVOICE_NUMBER></RESPONSE></FBAPI>

Log Date: Thu, 23 May 2013 11:46:01 +0000
END - Creating payment for order #307
Log Date: Thu, 23 May 2013 11:46:58 +0000
START - Creating invoice for order #307
Log Date: Thu, 23 May 2013 11:46:58 +0000
Checking for client with email: kontakt@markusdrubba.de
Log Date: Thu, 23 May 2013 11:46:58 +0000
SENDING XML:
<?xml version="1.0" encoding="utf-8"?><FBAPI><SERVICE>customer.get</SERVICE><FILTER><TERM>kontakt@markusdrubba.de</TERM></FILTER></FBAPI>
Log Date: Thu, 23 May 2013 11:46:59 +0000
RESPONSE XML: <?xml version="1.0" encoding="utf-8"?>
<FBAPI><REQUEST><SERVICE>customer.get</SERVICE><FILTER><TERM>kontakt@markusdrubba.de</TERM></FILTER></REQUEST><RESPONSE><CUSTOMERS><CUSTOMER><CUSTOMER_ID>356025</CUSTOMER_ID><CUSTOMER_NUMBER>6</CUSTOMER_NUMBER><DAYS_FOR_PAYMENT>0</DAYS_FOR_PAYMENT><CREATED>2013-05-23 13:45:58</CREATED><PAYMENT_TYPE>1</PAYMENT_TYPE><BANK_NAME></BANK_NAME><BANK_ACCOUNT_NUMBER></BANK_ACCOUNT_NUMBER><BANK_CODE></BANK_CODE><BANK_ACCOUNT_OWNER></BANK_ACCOUNT_OWNER><SHOW_PAYMENT_NOTICE>1</SHOW_PAYMENT_NOTICE><ACCOUNT_RECEIVABLE></ACCOUNT_RECEIVABLE><CUSTOMER_TYPE>consumer</CUSTOMER_TYPE><TOP>0</TOP><NEWSLETTER_OPTIN>0</NEWSLETTER_OPTIN><ORGANIZATION></ORGANIZATION><POSITION></POSITION><SALUTATION></SALUTATION><FIRST_NAME>Max</FIRST_NAME><LAST_NAME>Mustermann</LAST_NAME><ADDRESS></ADDRESS><ADDRESS_2></ADDRESS_2><ZIPCODE></ZIPCODE><CITY></CITY><COUNTRY_CODE>US</COUNTRY_CODE><PHONE></PHONE><PHONE_2></PHONE_2><FAX></FAX><MOBILE></MOBILE><EMAIL>kontakt@markusdrubba.de</EMAIL><VAT_ID></VAT_ID><CURRENCY_CODE>EUR</CURRENCY_CODE><LASTUPDATE>2013-05-23 13:45:58</LASTUPDATE><TAGS></TAGS></CUSTOMER></CUSTOMERS></RESPONSE></FBAPI>

Log Date: Thu, 23 May 2013 11:46:59 +0000
SENDING XML:
<?xml version="1.0" encoding="utf-8"?><FBAPI><SERVICE>invoice.create</SERVICE><DATA><CUSTOMER_ID>356025</CUSTOMER_ID><INVOICE_DATE>2013-05-23 13:45:57</INVOICE_DATE><CURRENCY_CODE>EUR</CURRENCY_CODE><ITEMS><ITEM><DESCRIPTION>ivwTrack</DESCRIPTION><UNIT_PRICE>49.00</UNIT_PRICE><QUANTITY>1</QUANTITY><VAT_PERCENT>19</VAT_PERCENT></ITEM></ITEMS></DATA></FBAPI>
Log Date: Thu, 23 May 2013 11:47:00 +0000
RESPONSE XML: <?xml version="1.0" encoding="utf-8"?>
<FBAPI><REQUEST><SERVICE>invoice.create</SERVICE><DATA><CUSTOMER_ID>356025</CUSTOMER_ID><INVOICE_DATE>2013-05-23 13:45:57</INVOICE_DATE><CURRENCY_CODE>EUR</CURRENCY_CODE><ITEMS><ITEM><DESCRIPTION>ivwTrack</DESCRIPTION><UNIT_PRICE>49.00</UNIT_PRICE><QUANTITY>1</QUANTITY><VAT_PERCENT>19</VAT_PERCENT></ITEM></ITEMS></DATA></REQUEST><RESPONSE><STATUS>success</STATUS><INVOICE_ID>444522</INVOICE_ID></RESPONSE></FBAPI>

Log Date: Thu, 23 May 2013 11:47:00 +0000
END - Creating invoice for order #307
Log Date: Thu, 23 May 2013 11:47:00 +0000
START - Complete invoice in FastBill for invoice ID: 444522
Log Date: Thu, 23 May 2013 11:47:00 +0000
SENDING XML:
<?xml version="1.0" encoding="utf-8"?><FBAPI><SERVICE>invoice.complete</SERVICE><DATA><INVOICE_ID>444522</INVOICE_ID></DATA></FBAPI>
Log Date: Thu, 23 May 2013 11:47:01 +0000
RESPONSE XML: <?xml version="1.0" encoding="utf-8"?>
<FBAPI><REQUEST><SERVICE>invoice.complete</SERVICE><DATA><INVOICE_ID>444522</INVOICE_ID></DATA></REQUEST><RESPONSE><STATUS>success</STATUS><INVOICE_NUMBER>25</INVOICE_NUMBER><INVOICE_ID>444522</INVOICE_ID></RESPONSE></FBAPI>

Log Date: Thu, 23 May 2013 11:47:01 +0000
END - Complete invoice for order #307
Log Date: Thu, 23 May 2013 11:47:01 +0000
START - Creating payment in FastBill for invoice ID: 444522
Log Date: Thu, 23 May 2013 11:47:01 +0000
SENDING XML:
<?xml version="1.0" encoding="utf-8"?><FBAPI><SERVICE>invoice.setpaid</SERVICE><DATA><INVOICE_ID>444522</INVOICE_ID></DATA></FBAPI>
Log Date: Thu, 23 May 2013 11:47:02 +0000
RESPONSE XML: <?xml version="1.0" encoding="utf-8"?>
<FBAPI><REQUEST><SERVICE>invoice.setpaid</SERVICE><DATA><INVOICE_ID>444522</INVOICE_ID></DATA></REQUEST><RESPONSE><STATUS>success</STATUS><INVOICE_NUMBER>25</INVOICE_NUMBER></RESPONSE></FBAPI>

Log Date: Thu, 23 May 2013 11:47:02 +0000
END - Creating payment for order #307
Log Date: Thu, 23 May 2013 11:47:12 +0000
START - Creating invoice for order #307
Log Date: Thu, 23 May 2013 11:47:12 +0000
Checking for client with email: kontakt@markusdrubba.de
Log Date: Thu, 23 May 2013 11:47:12 +0000
SENDING XML:
<?xml version="1.0" encoding="utf-8"?><FBAPI><SERVICE>customer.get</SERVICE><FILTER><TERM>kontakt@markusdrubba.de</TERM></FILTER></FBAPI>
Log Date: Thu, 23 May 2013 11:47:12 +0000
RESPONSE XML: <?xml version="1.0" encoding="utf-8"?>
<FBAPI><REQUEST><SERVICE>customer.get</SERVICE><FILTER><TERM>kontakt@markusdrubba.de</TERM></FILTER></REQUEST><RESPONSE><CUSTOMERS><CUSTOMER><CUSTOMER_ID>356025</CUSTOMER_ID><CUSTOMER_NUMBER>6</CUSTOMER_NUMBER><DAYS_FOR_PAYMENT>0</DAYS_FOR_PAYMENT><CREATED>2013-05-23 13:45:58</CREATED><PAYMENT_TYPE>1</PAYMENT_TYPE><BANK_NAME></BANK_NAME><BANK_ACCOUNT_NUMBER></BANK_ACCOUNT_NUMBER><BANK_CODE></BANK_CODE><BANK_ACCOUNT_OWNER></BANK_ACCOUNT_OWNER><SHOW_PAYMENT_NOTICE>1</SHOW_PAYMENT_NOTICE><ACCOUNT_RECEIVABLE></ACCOUNT_RECEIVABLE><CUSTOMER_TYPE>consumer</CUSTOMER_TYPE><TOP>0</TOP><NEWSLETTER_OPTIN>0</NEWSLETTER_OPTIN><ORGANIZATION></ORGANIZATION><POSITION></POSITION><SALUTATION></SALUTATION><FIRST_NAME>Max</FIRST_NAME><LAST_NAME>Mustermann</LAST_NAME><ADDRESS></ADDRESS><ADDRESS_2></ADDRESS_2><ZIPCODE></ZIPCODE><CITY></CITY><COUNTRY_CODE>US</COUNTRY_CODE><PHONE></PHONE><PHONE_2></PHONE_2><FAX></FAX><MOBILE></MOBILE><EMAIL>kontakt@markusdrubba.de</EMAIL><VAT_ID></VAT_ID><CURRENCY_CODE>EUR</CURRENCY_CODE><LASTUPDATE>2013-05-23 13:45:58</LASTUPDATE><TAGS></TAGS></CUSTOMER></CUSTOMERS></RESPONSE></FBAPI>

Log Date: Thu, 23 May 2013 11:47:12 +0000
SENDING XML:
<?xml version="1.0" encoding="utf-8"?><FBAPI><SERVICE>invoice.create</SERVICE><DATA><CUSTOMER_ID>356025</CUSTOMER_ID><INVOICE_DATE>2013-05-23 13:45:57</INVOICE_DATE><CURRENCY_CODE>EUR</CURRENCY_CODE><ITEMS><ITEM><DESCRIPTION>ivwTrack</DESCRIPTION><UNIT_PRICE>49.00</UNIT_PRICE><QUANTITY>1</QUANTITY><VAT_PERCENT>19</VAT_PERCENT></ITEM></ITEMS></DATA></FBAPI>
Log Date: Thu, 23 May 2013 11:47:13 +0000
RESPONSE XML: <?xml version="1.0" encoding="utf-8"?>
<FBAPI><REQUEST><SERVICE>invoice.create</SERVICE><DATA><CUSTOMER_ID>356025</CUSTOMER_ID><INVOICE_DATE>2013-05-23 13:45:57</INVOICE_DATE><CURRENCY_CODE>EUR</CURRENCY_CODE><ITEMS><ITEM><DESCRIPTION>ivwTrack</DESCRIPTION><UNIT_PRICE>49.00</UNIT_PRICE><QUANTITY>1</QUANTITY><VAT_PERCENT>19</VAT_PERCENT></ITEM></ITEMS></DATA></REQUEST><RESPONSE><STATUS>success</STATUS><INVOICE_ID>444523</INVOICE_ID></RESPONSE></FBAPI>

Log Date: Thu, 23 May 2013 11:47:13 +0000
END - Creating invoice for order #307
Log Date: Thu, 23 May 2013 11:47:13 +0000
START - Complete invoice in FastBill for invoice ID: 444523
Log Date: Thu, 23 May 2013 11:47:13 +0000
SENDING XML:
<?xml version="1.0" encoding="utf-8"?><FBAPI><SERVICE>invoice.complete</SERVICE><DATA><INVOICE_ID>444523</INVOICE_ID></DATA></FBAPI>
Log Date: Thu, 23 May 2013 11:47:15 +0000
RESPONSE XML: <?xml version="1.0" encoding="utf-8"?>
<FBAPI><REQUEST><SERVICE>invoice.complete</SERVICE><DATA><INVOICE_ID>444523</INVOICE_ID></DATA></REQUEST><RESPONSE><STATUS>success</STATUS><INVOICE_NUMBER>26</INVOICE_NUMBER><INVOICE_ID>444523</INVOICE_ID></RESPONSE></FBAPI>

Log Date: Thu, 23 May 2013 11:47:15 +0000
END - Complete invoice for order #307
Log Date: Thu, 23 May 2013 11:47:15 +0000
START - Creating payment in FastBill for invoice ID: 444523
Log Date: Thu, 23 May 2013 11:47:15 +0000
SENDING XML:
<?xml version="1.0" encoding="utf-8"?><FBAPI><SERVICE>invoice.setpaid</SERVICE><DATA><INVOICE_ID>444523</INVOICE_ID></DATA></FBAPI>
Log Date: Thu, 23 May 2013 11:47:15 +0000
RESPONSE XML: <?xml version="1.0" encoding="utf-8"?>
<FBAPI><REQUEST><SERVICE>invoice.setpaid</SERVICE><DATA><INVOICE_ID>444523</INVOICE_ID></DATA></REQUEST><RESPONSE><STATUS>success</STATUS><INVOICE_NUMBER>26</INVOICE_NUMBER></RESPONSE></FBAPI>

Log Date: Thu, 23 May 2013 11:47:15 +0000
END - Creating payment for order #307
Log Date: Thu, 23 May 2013 11:47:25 +0000
START - Creating invoice for order #307
Log Date: Thu, 23 May 2013 11:47:25 +0000
Checking for client with email: kontakt@markusdrubba.de
Log Date: Thu, 23 May 2013 11:47:25 +0000
SENDING XML:
<?xml version="1.0" encoding="utf-8"?><FBAPI><SERVICE>customer.get</SERVICE><FILTER><TERM>kontakt@markusdrubba.de</TERM></FILTER></FBAPI>
Log Date: Thu, 23 May 2013 11:47:26 +0000
RESPONSE XML: <?xml version="1.0" encoding="utf-8"?>
<FBAPI><REQUEST><SERVICE>customer.get</SERVICE><FILTER><TERM>kontakt@markusdrubba.de</TERM></FILTER></REQUEST><RESPONSE><CUSTOMERS><CUSTOMER><CUSTOMER_ID>356025</CUSTOMER_ID><CUSTOMER_NUMBER>6</CUSTOMER_NUMBER><DAYS_FOR_PAYMENT>0</DAYS_FOR_PAYMENT><CREATED>2013-05-23 13:45:58</CREATED><PAYMENT_TYPE>1</PAYMENT_TYPE><BANK_NAME></BANK_NAME><BANK_ACCOUNT_NUMBER></BANK_ACCOUNT_NUMBER><BANK_CODE></BANK_CODE><BANK_ACCOUNT_OWNER></BANK_ACCOUNT_OWNER><SHOW_PAYMENT_NOTICE>1</SHOW_PAYMENT_NOTICE><ACCOUNT_RECEIVABLE></ACCOUNT_RECEIVABLE><CUSTOMER_TYPE>consumer</CUSTOMER_TYPE><TOP>0</TOP><NEWSLETTER_OPTIN>0</NEWSLETTER_OPTIN><ORGANIZATION></ORGANIZATION><POSITION></POSITION><SALUTATION></SALUTATION><FIRST_NAME>Max</FIRST_NAME><LAST_NAME>Mustermann</LAST_NAME><ADDRESS></ADDRESS><ADDRESS_2></ADDRESS_2><ZIPCODE></ZIPCODE><CITY></CITY><COUNTRY_CODE>US</COUNTRY_CODE><PHONE></PHONE><PHONE_2></PHONE_2><FAX></FAX><MOBILE></MOBILE><EMAIL>kontakt@markusdrubba.de</EMAIL><VAT_ID></VAT_ID><CURRENCY_CODE>EUR</CURRENCY_CODE><LASTUPDATE>2013-05-23 13:45:58</LASTUPDATE><TAGS></TAGS></CUSTOMER></CUSTOMERS></RESPONSE></FBAPI>

Log Date: Thu, 23 May 2013 11:47:26 +0000
SENDING XML:
<?xml version="1.0" encoding="utf-8"?><FBAPI><SERVICE>invoice.create</SERVICE><DATA><CUSTOMER_ID>356025</CUSTOMER_ID><INVOICE_DATE>2013-05-23 13:45:57</INVOICE_DATE><CURRENCY_CODE>EUR</CURRENCY_CODE><ITEMS><ITEM><DESCRIPTION>ivwTrack</DESCRIPTION><UNIT_PRICE>49.00</UNIT_PRICE><QUANTITY>1</QUANTITY><VAT_PERCENT>19</VAT_PERCENT></ITEM></ITEMS></DATA></FBAPI>
Log Date: Thu, 23 May 2013 11:47:26 +0000
RESPONSE XML: <?xml version="1.0" encoding="utf-8"?>
<FBAPI><REQUEST><SERVICE>invoice.create</SERVICE><DATA><CUSTOMER_ID>356025</CUSTOMER_ID><INVOICE_DATE>2013-05-23 13:45:57</INVOICE_DATE><CURRENCY_CODE>EUR</CURRENCY_CODE><ITEMS><ITEM><DESCRIPTION>ivwTrack</DESCRIPTION><UNIT_PRICE>49.00</UNIT_PRICE><QUANTITY>1</QUANTITY><VAT_PERCENT>19</VAT_PERCENT></ITEM></ITEMS></DATA></REQUEST><RESPONSE><STATUS>success</STATUS><INVOICE_ID>444524</INVOICE_ID></RESPONSE></FBAPI>

Log Date: Thu, 23 May 2013 11:47:26 +0000
END - Creating invoice for order #307
Log Date: Thu, 23 May 2013 11:47:26 +0000
START - Complete invoice in FastBill for invoice ID: 444524
Log Date: Thu, 23 May 2013 11:47:26 +0000
SENDING XML:
<?xml version="1.0" encoding="utf-8"?><FBAPI><SERVICE>invoice.complete</SERVICE><DATA><INVOICE_ID>444524</INVOICE_ID></DATA></FBAPI>
Log Date: Thu, 23 May 2013 11:47:28 +0000
RESPONSE XML: <?xml version="1.0" encoding="utf-8"?>
<FBAPI><REQUEST><SERVICE>invoice.complete</SERVICE><DATA><INVOICE_ID>444524</INVOICE_ID></DATA></REQUEST><RESPONSE><STATUS>success</STATUS><INVOICE_NUMBER>27</INVOICE_NUMBER><INVOICE_ID>444524</INVOICE_ID></RESPONSE></FBAPI>

Log Date: Thu, 23 May 2013 11:47:28 +0000
END - Complete invoice for order #307
Log Date: Thu, 23 May 2013 11:47:28 +0000
START - Creating payment in FastBill for invoice ID: 444524
Log Date: Thu, 23 May 2013 11:47:28 +0000
SENDING XML:
<?xml version="1.0" encoding="utf-8"?><FBAPI><SERVICE>invoice.setpaid</SERVICE><DATA><INVOICE_ID>444524</INVOICE_ID></DATA></FBAPI>
Log Date: Thu, 23 May 2013 11:47:29 +0000
RESPONSE XML: <?xml version="1.0" encoding="utf-8"?>
<FBAPI><REQUEST><SERVICE>invoice.setpaid</SERVICE><DATA><INVOICE_ID>444524</INVOICE_ID></DATA></REQUEST><RESPONSE><STATUS>success</STATUS><INVOICE_NUMBER>27</INVOICE_NUMBER></RESPONSE></FBAPI>

Log Date: Thu, 23 May 2013 11:47:29 +0000
END - Creating payment for order #307
Log Date: Thu, 23 May 2013 11:50:28 +0000
START - Creating invoice for order #307
Log Date: Thu, 23 May 2013 11:50:28 +0000
Checking for client with email: kontakt@markusdrubba.de
Log Date: Thu, 23 May 2013 11:50:28 +0000
SENDING XML:
<?xml version="1.0" encoding="utf-8"?><FBAPI><SERVICE>customer.get</SERVICE><FILTER><TERM>kontakt@markusdrubba.de</TERM></FILTER></FBAPI>
Log Date: Thu, 23 May 2013 11:50:29 +0000
RESPONSE XML: <?xml version="1.0" encoding="utf-8"?>
<FBAPI><REQUEST><SERVICE>customer.get</SERVICE><FILTER><TERM>kontakt@markusdrubba.de</TERM></FILTER></REQUEST><RESPONSE><CUSTOMERS><CUSTOMER><CUSTOMER_ID>356025</CUSTOMER_ID><CUSTOMER_NUMBER>6</CUSTOMER_NUMBER><DAYS_FOR_PAYMENT>0</DAYS_FOR_PAYMENT><CREATED>2013-05-23 13:45:58</CREATED><PAYMENT_TYPE>1</PAYMENT_TYPE><BANK_NAME></BANK_NAME><BANK_ACCOUNT_NUMBER></BANK_ACCOUNT_NUMBER><BANK_CODE></BANK_CODE><BANK_ACCOUNT_OWNER></BANK_ACCOUNT_OWNER><SHOW_PAYMENT_NOTICE>1</SHOW_PAYMENT_NOTICE><ACCOUNT_RECEIVABLE></ACCOUNT_RECEIVABLE><CUSTOMER_TYPE>consumer</CUSTOMER_TYPE><TOP>0</TOP><NEWSLETTER_OPTIN>0</NEWSLETTER_OPTIN><ORGANIZATION></ORGANIZATION><POSITION></POSITION><SALUTATION></SALUTATION><FIRST_NAME>Max</FIRST_NAME><LAST_NAME>Mustermann</LAST_NAME><ADDRESS></ADDRESS><ADDRESS_2></ADDRESS_2><ZIPCODE></ZIPCODE><CITY></CITY><COUNTRY_CODE>US</COUNTRY_CODE><PHONE></PHONE><PHONE_2></PHONE_2><FAX></FAX><MOBILE></MOBILE><EMAIL>kontakt@markusdrubba.de</EMAIL><VAT_ID></VAT_ID><CURRENCY_CODE>EUR</CURRENCY_CODE><LASTUPDATE>2013-05-23 13:45:58</LASTUPDATE><TAGS></TAGS></CUSTOMER></CUSTOMERS></RESPONSE></FBAPI>

Log Date: Thu, 23 May 2013 11:50:29 +0000
SENDING XML:
<?xml version="1.0" encoding="utf-8"?><FBAPI><SERVICE>invoice.create</SERVICE><DATA><CUSTOMER_ID>356025</CUSTOMER_ID><INVOICE_DATE>2013-05-23 13:45:57</INVOICE_DATE><CURRENCY_CODE>EUR</CURRENCY_CODE><ITEMS><ITEM><DESCRIPTION>ivwTrack</DESCRIPTION><UNIT_PRICE>49.00</UNIT_PRICE><QUANTITY>1</QUANTITY><VAT_PERCENT>19</VAT_PERCENT></ITEM></ITEMS></DATA></FBAPI>
Log Date: Thu, 23 May 2013 11:50:30 +0000
RESPONSE XML: <?xml version="1.0" encoding="utf-8"?>
<FBAPI><REQUEST><SERVICE>invoice.create</SERVICE><DATA><CUSTOMER_ID>356025</CUSTOMER_ID><INVOICE_DATE>2013-05-23 13:45:57</INVOICE_DATE><CURRENCY_CODE>EUR</CURRENCY_CODE><ITEMS><ITEM><DESCRIPTION>ivwTrack</DESCRIPTION><UNIT_PRICE>49.00</UNIT_PRICE><QUANTITY>1</QUANTITY><VAT_PERCENT>19</VAT_PERCENT></ITEM></ITEMS></DATA></REQUEST><RESPONSE><STATUS>success</STATUS><INVOICE_ID>444527</INVOICE_ID></RESPONSE></FBAPI>

Log Date: Thu, 23 May 2013 11:50:30 +0000
END - Creating invoice for order #307
Log Date: Thu, 23 May 2013 11:50:30 +0000
START - Complete invoice in FastBill for invoice ID: 444527
Log Date: Thu, 23 May 2013 11:50:30 +0000
SENDING XML:
<?xml version="1.0" encoding="utf-8"?><FBAPI><SERVICE>invoice.complete</SERVICE><DATA><INVOICE_ID>444527</INVOICE_ID></DATA></FBAPI>
Log Date: Thu, 23 May 2013 11:50:31 +0000
RESPONSE XML: <?xml version="1.0" encoding="utf-8"?>
<FBAPI><REQUEST><SERVICE>invoice.complete</SERVICE><DATA><INVOICE_ID>444527</INVOICE_ID></DATA></REQUEST><RESPONSE><STATUS>success</STATUS><INVOICE_NUMBER>28</INVOICE_NUMBER><INVOICE_ID>444527</INVOICE_ID></RESPONSE></FBAPI>

Log Date: Thu, 23 May 2013 11:50:31 +0000
END - Complete invoice for order #307
Log Date: Thu, 23 May 2013 11:50:31 +0000
START - Creating payment in FastBill for invoice ID: 444527
Log Date: Thu, 23 May 2013 11:50:31 +0000
SENDING XML:
<?xml version="1.0" encoding="utf-8"?><FBAPI><SERVICE>invoice.setpaid</SERVICE><DATA><INVOICE_ID>444527</INVOICE_ID></DATA></FBAPI>
Log Date: Thu, 23 May 2013 11:50:32 +0000
RESPONSE XML: <?xml version="1.0" encoding="utf-8"?>
<FBAPI><REQUEST><SERVICE>invoice.setpaid</SERVICE><DATA><INVOICE_ID>444527</INVOICE_ID></DATA></REQUEST><RESPONSE><STATUS>success</STATUS><INVOICE_NUMBER>28</INVOICE_NUMBER></RESPONSE></FBAPI>

Log Date: Thu, 23 May 2013 11:50:32 +0000
END - Creating payment for order #307
